<?xml version="1.0" encoding="UTF-8"?>
<testng-results skipped="0" failed="0" total="1" passed="1">
  <reporter-output>
  </reporter-output>
  <suite name="Default suite" duration-ms="29805" started-at="2021-07-22T17:49:55Z" finished-at="2021-07-22T17:50:25Z">
    <groups>
    </groups>
    <test name="Default test" duration-ms="29805" started-at="2021-07-22T17:49:55Z" finished-at="2021-07-22T17:50:25Z">
      <class name="fromExcel">
        <test-method status="PASS" signature="fromexcel()[pri:0, instance:fromExcel@28f67ac7]" name="fromexcel" duration-ms="29775" started-at="2021-07-22T23:19:55Z" finished-at="2021-07-22T23:20:25Z">
          <reporter-output>
          </reporter-output>
        </test-method> <!-- fromexcel -->
      </class> <!-- fromExcel -->
    </test> <!-- Default test -->
  </suite> <!-- Default suite -->
</testng-results>
